<?xml version="1.0" encoding="UTF-8"?>
<!-- Generated by org.testng.reporters.JUnitReportReporter -->
<testsuite skipped="0" hostname="192-168-1-2.tpgi.com.au" name="org.computerdb.testset.deletecomputernametest" tests="1" failures="0" timestamp="12 Aug 2018 10:15:42 GMT" time="31.750" errors="0">
  <testcase name="ValidateDeleteComputer" time="31.750" classname="org.computerdb.testset.deletecomputernametest"/>
</testsuite> <!-- org.computerdb.testset.deletecomputernametest -->
