<?xml version="1.0" encoding="UTF-8"?>
<!-- Generated by org.testng.reporters.JUnitReportReporter -->
<testsuite skipped="0" hostname="192-168-1-2.tpgi.com.au" name="org.computerdb.testset.searchcomputertest" tests="1" failures="0" timestamp="12 Aug 2018 22:18:41 GMT" time="9.684" errors="0">
  <testcase name="ValidateSearchComputer" time="9.684" classname="org.computerdb.testset.searchcomputertest"/>
</testsuite> <!-- org.computerdb.testset.searchcomputertest -->
