<?xml version="1.0" encoding="UTF-8"?>
<!-- Generated by org.testng.reporters.JUnitReportReporter -->
<testsuite skipped="0" hostname="192-168-1-2.tpgi.com.au" name="org.computerdb.testset.homepagetest" tests="1" failures="0" timestamp="12 Aug 2018 09:22:50 GMT" time="11.587" errors="0">
  <testcase name="ValidateSearchbox" time="11.587" classname="org.computerdb.testset.homepagetest"/>
</testsuite> <!-- org.computerdb.testset.homepagetest -->
