<?xml version="1.0" encoding="UTF-8"?>
<!-- Generated by org.testng.reporters.JUnitReportReporter -->
<testsuite skipped="0" hostname="192-168-1-2.tpgi.com.au" name="org.computerdb.testset.addcomputerpagetest" tests="14" failures="0" timestamp="12 Aug 2018 22:23:13 GMT" time="122.039" errors="0">
  <testcase name="ValidateComputerNameText" time="8.721" classname="org.computerdb.testset.addcomputerpagetest"/>
  <testcase name="ValidateIntroducedText" time="7.775" classname="org.computerdb.testset.addcomputerpagetest"/>
  <testcase name="ValidateDiscontinuedText" time="8.235" classname="org.computerdb.testset.addcomputerpagetest"/>
  <testcase name="ValidateCompanyDropDown" time="8.291" classname="org.computerdb.testset.addcomputerpagetest"/>
  <testcase name="ValidateCreateComputerButt" time="7.765" classname="org.computerdb.testset.addcomputerpagetest"/>
  <testcase name="ValidateCancelButt" time="7.447" classname="org.computerdb.testset.addcomputerpagetest"/>
  <testcase name="ValidateSubHeadTitle" time="8.663" classname="org.computerdb.testset.addcomputerpagetest"/>
  <testcase name="ValidateRequiredCaptionText" time="8.451" classname="org.computerdb.testset.addcomputerpagetest"/>
  <testcase name="ValidateIntroducedDateCaption" time="8.862" classname="org.computerdb.testset.addcomputerpagetest"/>
  <testcase name="ValidateDiscontinuedDateCaption" time="7.835" classname="org.computerdb.testset.addcomputerpagetest"/>
  <testcase name="ValidateCreateComputerNegativeData" time="10.831" classname="org.computerdb.testset.addcomputerpagetest"/>
  <testcase name="ValidateCreateComputerNegativeData" time="9.059" classname="org.computerdb.testset.addcomputerpagetest"/>
  <testcase name="ValidateCreateComputerNegativeData" time="8.203" classname="org.computerdb.testset.addcomputerpagetest"/>
  <testcase name="ValidateCreateComputerPositiveData" time="11.901" classname="org.computerdb.testset.addcomputerpagetest"/>
</testsuite> <!-- org.computerdb.testset.addcomputerpagetest -->
