<?xml version="1.0" encoding="UTF-8"?>
<!-- Generated by org.testng.reporters.JUnitReportReporter -->
<testsuite skipped="0" hostname="192-168-1-2.tpgi.com.au" name="org.computerdb.testset.homepagetest" tests="12" failures="0" timestamp="12 Aug 2018 22:23:13 GMT" time="93.202" errors="0">
  <testcase name="ValidateSearchbox" time="8.278" classname="org.computerdb.testset.homepagetest"/>
  <testcase name="ValidateFilterButton" time="7.359" classname="org.computerdb.testset.homepagetest"/>
  <testcase name="ValidateAddComputerButton" time="8.924" classname="org.computerdb.testset.homepagetest"/>
  <testcase name="ValidateSubheadTitle" time="7.386" classname="org.computerdb.testset.homepagetest"/>
  <testcase name="ValidateComputerNameField" time="7.384" classname="org.computerdb.testset.homepagetest"/>
  <testcase name="ValidateIntroducedField" time="8.397" classname="org.computerdb.testset.homepagetest"/>
  <testcase name="ValidateDiscontinuedField" time="7.423" classname="org.computerdb.testset.homepagetest"/>
  <testcase name="ValidateCompanyField" time="7.769" classname="org.computerdb.testset.homepagetest"/>
  <testcase name="ValidatePreviousLink" time="7.448" classname="org.computerdb.testset.homepagetest"/>
  <testcase name="ValidateNextLink" time="7.385" classname="org.computerdb.testset.homepagetest"/>
  <testcase name="ValidatePageDisplay" time="7.521" classname="org.computerdb.testset.homepagetest"/>
  <testcase name="ValidateAddNewComputerPage" time="7.928" classname="org.computerdb.testset.homepagetest"/>
</testsuite> <!-- org.computerdb.testset.homepagetest -->
